# JRE version: Java(TM) SE Runtime Environment (23.0.2+7) (build 23.0.2+7-58)
# Java VM: Java HotSpot(TM) 64-Bit Server VM (23.0.2+7-58, mixed mode, sharing, tiered, compressed oops, compressed class ptrs, g1 gc, windows-amd64)
GC Precious Log:
 CardTable entry size: 512
 Card Set container configuration: InlinePtr #cards 4 size 8 Array Of Cards #cards 16 size 48 Howl #buckets 8 coarsen threshold 3686 Howl Bitmap #cards 512 size 80 coarsen threshold 460 Card regions per heap region 1 cards per card region 4096
 CPUs: 16 total, 16 available
 Memory: 15775M
 Large Page Support: Disabled
 NUMA Support: Disabled
 Compressed Oops: Enabled (Zero based)
 Heap Region Size: 2M
 Heap Min Capacity: 8M
 Heap Initial Capacity: 248M
 Heap Max Capacity: 3944M
 Pre-touch: Disabled
 Parallel Workers: 13
 Concurrent Workers: 3
 Concurrent Refinement Workers: 13
 Periodic GC: Disabled
Heap:
 garbage-first heap   total reserved 4038656K, committed 69632K, used 36282K [0x0000000709800000, 0x0000000800000000)
  region size 2048K, 3 young (6144K), 2 survivors (4096K)
 Metaspace       used 28246K, committed 28672K, reserved 1114112K
  class space    used 3833K, committed 4032K, reserved 1048576K
GC Heap History (16 events):
Event: 0.785 GC heap before
{Heap before GC invocations=0 (full 0):
 garbage-first heap   total reserved 4038656K, committed 253952K, used 22528K [0x0000000709800000, 0x0000000800000000)
  region size 2048K, 12 young (24576K), 0 survivors (0K)
 Metaspace       used 5958K, committed 6208K, reserved 1114112K
  class space    used 676K, committed 768K, reserved 1048576K
}
Event: 0.792 GC heap after
{Heap after GC invocations=1 (full 0):
 garbage-first heap   total reserved 4038656K, committed 253952K, used 4096K [0x0000000709800000, 0x0000000800000000)
  region size 2048K, 2 young (4096K), 2 survivors (4096K)
 Metaspace       used 5958K, committed 6208K, reserved 1114112K
  class space    used 676K, committed 768K, reserved 1048576K
}
Event: 1.316 GC heap before
{Heap before GC invocations=1 (full 0):
 garbage-first heap   total reserved 4038656K, committed 253952K, used 24576K [0x0000000709800000, 0x0000000800000000)
  region size 2048K, 13 young (26624K), 2 survivors (4096K)
 Metaspace       used 13483K, committed 13888K, reserved 1114112K
  class space    used 1728K, committed 1920K, reserved 1048576K
}
Event: 1.323 GC heap after
{Heap after GC invocations=2 (full 0):
 garbage-first heap   total reserved 4038656K, committed 253952K, used 6225K [0x0000000709800000, 0x0000000800000000)
  region size 2048K, 2 young (4096K), 2 survivors (4096K)
 Metaspace       used 13483K, committed 13888K, reserved 1114112K
  class space    used 1728K, committed 1920K, reserved 1048576K
}
Event: 11.184 GC heap before
{Heap before GC invocations=2 (full 0):
 garbage-first heap   total reserved 4038656K, committed 253952K, used 47185K [0x0000000709800000, 0x0000000800000000)
  region size 2048K, 23 young (47104K), 2 survivors (4096K)
 Metaspace       used 21193K, committed 21504K, reserved 1114112K
  class space    used 2939K, committed 3072K, reserved 1048576K
}
Event: 11.190 GC heap after
{Heap after GC invocations=3 (full 0):
 garbage-first heap   total reserved 4038656K, committed 253952K, used 13107K [0x0000000709800000, 0x0000000800000000)
  region size 2048K, 4 young (8192K), 4 survivors (8192K)
 Metaspace       used 21193K, committed 21504K, reserved 1114112K
  class space    used 2939K, committed 3072K, reserved 1048576K
}
Event: 13.433 GC heap before
{Heap before GC invocations=4 (full 0):
 garbage-first heap   total reserved 4038656K, committed 49152K, used 45875K [0x0000000709800000, 0x0000000800000000)
  region size 2048K, 21 young (43008K), 4 survivors (8192K)
 Metaspace       used 25284K, committed 25664K, reserved 1114112K
  class space    used 3603K, committed 3776K, reserved 1048576K
}
Event: 13.443 GC heap after
{Heap after GC invocations=5 (full 0):
 garbage-first heap   total reserved 4038656K, committed 69632K, used 24617K [0x0000000709800000, 0x0000000800000000)
  region size 2048K, 5 young (10240K), 5 survivors (10240K)
 Metaspace       used 25284K, committed 25664K, reserved 1114112K
  class space    used 3603K, committed 3776K, reserved 1048576K
}
Event: 18.431 GC heap before
{Heap before GC invocations=5 (full 0):
 garbage-first heap   total reserved 4038656K, committed 69632K, used 49193K [0x0000000709800000, 0x0000000800000000)
  region size 2048K, 17 young (34816K), 5 survivors (10240K)
 Metaspace       used 26788K, committed 27200K, reserved 1114112K
  class space    used 3761K, committed 3968K, reserved 1048576K
}
Event: 18.438 GC heap after
{Heap after GC invocations=6 (full 0):
 garbage-first heap   total reserved 4038656K, committed 69632K, used 29954K [0x0000000709800000, 0x0000000800000000)
  region size 2048K, 2 young (4096K), 2 survivors (4096K)
 Metaspace       used 26788K, committed 27200K, reserved 1114112K
  class space    used 3761K, committed 3968K, reserved 1048576K
}
Event: 34.061 GC heap before
{Heap before GC invocations=6 (full 0):
 garbage-first heap   total reserved 4038656K, committed 69632K, used 52482K [0x0000000709800000, 0x0000000800000000)
  region size 2048K, 13 young (26624K), 2 survivors (4096K)
 Metaspace       used 27391K, committed 27840K, reserved 1114112K
  class space    used 3774K, committed 3968K, reserved 1048576K
}
Event: 34.064 GC heap after
{Heap after GC invocations=7 (full 0):
 garbage-first heap   total reserved 4038656K, committed 69632K, used 31913K [0x0000000709800000, 0x0000000800000000)
  region size 2048K, 2 young (4096K), 2 survivors (4096K)
 Metaspace       used 27391K, committed 27840K, reserved 1114112K
  class space    used 3774K, committed 3968K, reserved 1048576K
}
Event: 40.194 GC heap before
{Heap before GC invocations=7 (full 0):
 garbage-first heap   total reserved 4038656K, committed 69632K, used 52393K [0x0000000709800000, 0x0000000800000000)
  region size 2048K, 12 young (24576K), 2 survivors (4096K)
 Metaspace       used 28079K, committed 28480K, reserved 1114112K
  class space    used 3827K, committed 3968K, reserved 1048576K
}
Event: 40.198 GC heap after
{Heap after GC invocations=8 (full 0):
 garbage-first heap   total reserved 4038656K, committed 69632K, used 34524K [0x0000000709800000, 0x0000000800000000)
  region size 2048K, 2 young (4096K), 2 survivors (4096K)
 Metaspace       used 28079K, committed 28480K, reserved 1114112K
  class space    used 3827K, committed 3968K, reserved 1048576K
}
Event: 46.671 GC heap before
{Heap before GC invocations=8 (full 0):
 garbage-first heap   total reserved 4038656K, committed 69632K, used 55004K [0x0000000709800000, 0x0000000800000000)
  region size 2048K, 12 young (24576K), 2 survivors (4096K)
 Metaspace       used 28216K, committed 28672K, reserved 1114112K
  class space    used 3830K, committed 4032K, reserved 1048576K
}
Event: 46.674 GC heap after
{Heap after GC invocations=9 (full 0):
 garbage-first heap   total reserved 4038656K, committed 69632K, used 36282K [0x0000000709800000, 0x0000000800000000)
  region size 2048K, 2 young (4096K), 2 survivors (4096K)
 Metaspace       used 28216K, committed 28672K, reserved 1114112K
  class space    used 3830K, committed 4032K, reserved 1048576K
}

